android/app/build/intermediates/manifest_merge_blame_file/release/manifest-merger-blame-release-report.txt
1<?xml version="1.0" encoding="utf-8"?>
2<manifest xmlns:android="http://schemas.android.com/apk/res/android"
3    package="com.doctor"
4    android:versionCode="1"
5    android:versionName="1.0" >
6
7    <uses-sdk
8        android:minSdkVersion="21"
8-->src\main\AndroidManifest.xml
9        android:targetSdkVersion="33" />
9-->src\main\AndroidManifest.xml
10
11    <uses-permission android:name="android.permission.INTERNET" />
11-->src\main\AndroidManifest.xml:3:5-67
11-->src\main\AndroidManifest.xml:3:22-64
12    <uses-permission android:name="android.permission.CAMERA" />
12-->src\main\AndroidManifest.xml:4:5-65
12-->src\main\AndroidManifest.xml:4:22-62
13    <uses-permission android:name="android.permission.VIBRATE" />
13-->src\main\AndroidManifest.xml:5:5-65
13-->src\main\AndroidManifest.xml:5:22-63
14    <uses-permission
14-->src\main\AndroidManifest.xml:7:9-9:72
15        android:name="android.permission.ACCESS_FINE_LOCATION"
15-->src\main\AndroidManifest.xml:9:16-70
16        android:required="true" />
16-->src\main\AndroidManifest.xml:8:15-38
17    <uses-permission
17-->src\main\AndroidManifest.xml:10:4-12:65
18        android:name="android.permission.ACCESS_WIFI_STATE"
18-->src\main\AndroidManifest.xml:12:12-63
19        android:required="true" />
19-->src\main\AndroidManifest.xml:11:12-35
20    <uses-permission
20-->src\main\AndroidManifest.xml:13:4-15:65
21        android:name="android.permission.CHANGE_WIFI_STATE"
21-->src\main\AndroidManifest.xml:15:12-63
22        android:required="true" />
22-->src\main\AndroidManifest.xml:14:12-35
23    <uses-permission android:name="android.permission.WRITE_EXTERNAL_STORAGE" />
23-->src\main\AndroidManifest.xml:16:4-80
23-->src\main\AndroidManifest.xml:16:21-77
24    <uses-permission android:name="android.permission.READ_EXTERNAL_STORAGE" />
24-->src\main\AndroidManifest.xml:17:4-78
24-->src\main\AndroidManifest.xml:17:21-76
25    <!-- If your app targets Android 13 (API level 33) or higher, you must declare the NEARBY_WIFI_DEVICES permission. -->
26    <uses-permission
26-->src\main\AndroidManifest.xml:19:4-124
27        android:name="android.permission.NEARBY_WIFI_DEVICES"
27-->src\main\AndroidManifest.xml:19:21-74
28        android:usesPermissionFlags="neverForLocation" />
28-->src\main\AndroidManifest.xml:19:75-121
29    <uses-permission android:name="android.permission.ACCESS_NETWORK_STATE" />
29-->[:react-native-community_netinfo] AndroidManifest.xml:7:5-79
29-->[:react-native-community_netinfo] AndroidManifest.xml:7:22-76
30
31    <uses-feature
31-->[:react-native-camera] AndroidManifest.xml:9:5-11:36
32        android:name="android.hardware.camera"
32-->[:react-native-camera] AndroidManifest.xml:10:9-47
33        android:required="false" />
33-->[:react-native-camera] AndroidManifest.xml:11:9-33
34    <uses-feature
34-->[:react-native-camera] AndroidManifest.xml:12:5-14:36
35        android:name="android.hardware.camera.autofocus"
35-->[:react-native-camera] AndroidManifest.xml:13:9-57
36        android:required="false" />
36-->[:react-native-camera] AndroidManifest.xml:14:9-33
37
38    <queries>
38-->[:expo-file-system] AndroidManifest.xml:12:5-18:15
39
40        <!-- Query open documents -->
41        <intent>
41-->[:expo-file-system] AndroidManifest.xml:15:9-17:18
42            <action android:name="android.intent.action.OPEN_DOCUMENT_TREE" />
42-->[:expo-file-system] AndroidManifest.xml:16:13-79
42-->[:expo-file-system] AndroidManifest.xml:16:21-76
43        </intent>
44    </queries>
45
46    <uses-permission android:name="com.google.android.finsky.permission.BIND_GET_INSTALL_REFERRER_SERVICE" />
46-->[com.android.installreferrer:installreferrer:1.1.2] AndroidManifest.xml:9:5-110
46-->[com.android.installreferrer:installreferrer:1.1.2] AndroidManifest.xml:9:22-107
47
48    <application
48-->src\main\AndroidManifest.xml:23:5-47:19
49        android:name="com.doctor.MainApplication"
49-->src\main\AndroidManifest.xml:24:7-38
50        android:allowBackup="false"
50-->src\main\AndroidManifest.xml:28:7-34
51        android:appComponentFactory="androidx.core.app.CoreComponentFactory"
51-->[androidx.core:core:1.8.0] AndroidManifest.xml:24:18-86
52        android:icon="@mipmap/ic_launcher"
52-->src\main\AndroidManifest.xml:26:7-41
53        android:label="@string/app_name"
53-->src\main\AndroidManifest.xml:25:7-39
54        android:roundIcon="@mipmap/ic_launcher_round"
54-->src\main\AndroidManifest.xml:27:7-52
55        android:theme="@style/AppTheme"
55-->src\main\AndroidManifest.xml:30:7-38
56        android:usesCleartextTraffic="true" >
56-->src\main\AndroidManifest.xml:29:7-42
57        <activity
57-->src\main\AndroidManifest.xml:31:7-46:18
58            android:name="com.doctor.MainActivity"
58-->src\main\AndroidManifest.xml:32:9-37
59            android:configChanges="keyboard|keyboardHidden|orientation|screenLayout|screenSize|smallestScreenSize|uiMode"
59-->src\main\AndroidManifest.xml:34:9-118
60            android:exported="true"
60-->src\main\AndroidManifest.xml:37:9-32
61            android:label="@string/app_name"
61-->src\main\AndroidManifest.xml:33:9-41
62            android:launchMode="singleTask"
62-->src\main\AndroidManifest.xml:35:9-40
63            android:resizeableActivity="true"
63-->src\main\AndroidManifest.xml:40:9-42
64            android:screenOrientation="unspecified"
64-->src\main\AndroidManifest.xml:38:9-48
65            android:theme="@style/BootTheme"
65-->src\main\AndroidManifest.xml:39:9-41
66            android:windowSoftInputMode="adjustPan" >
66-->src\main\AndroidManifest.xml:36:9-48
67            <intent-filter>
67-->src\main\AndroidManifest.xml:42:9-45:25
68                <action android:name="android.intent.action.MAIN" />
68-->src\main\AndroidManifest.xml:43:13-65
68-->src\main\AndroidManifest.xml:43:21-62
69
70                <category android:name="android.intent.category.LAUNCHER" />
70-->src\main\AndroidManifest.xml:44:13-73
70-->src\main\AndroidManifest.xml:44:23-70
71            </intent-filter>
72        </activity>
73
74        <provider
74-->[:expo-file-system] AndroidManifest.xml:21:9-30:20
75            android:name="expo.modules.filesystem.FileSystemFileProvider"
75-->[:expo-file-system] AndroidManifest.xml:22:13-74
76            android:authorities="com.doctor.FileSystemFileProvider"
76-->[:expo-file-system] AndroidManifest.xml:23:13-74
77            android:exported="false"
77-->[:expo-file-system] AndroidManifest.xml:24:13-37
78            android:grantUriPermissions="true" >
78-->[:expo-file-system] AndroidManifest.xml:25:13-47
79            <meta-data
79-->[:expo-file-system] AndroidManifest.xml:27:13-29:70
80                android:name="android.support.FILE_PROVIDER_PATHS"
80-->[:expo-file-system] AndroidManifest.xml:28:17-67
81                android:resource="@xml/file_system_provider_paths" />
81-->[:expo-file-system] AndroidManifest.xml:29:17-67
82        </provider>
83
84        <meta-data
84-->[:expo-modules-core] AndroidManifest.xml:9:9-11:89
85            android:name="org.unimodules.core.AppLoader#react-native-headless"
85-->[:expo-modules-core] AndroidManifest.xml:10:13-79
86            android:value="expo.modules.adapters.react.apploader.RNHeadlessAppLoader" />
86-->[:expo-modules-core] AndroidManifest.xml:11:13-86
87        <meta-data
87-->[:expo-modules-core] AndroidManifest.xml:12:9-15:45
88            android:name="com.facebook.soloader.enabled"
88-->[:expo-modules-core] AndroidManifest.xml:13:13-57
89            android:value="true" />
89-->[:expo-modules-core] AndroidManifest.xml:14:13-33
90
91        <service
91-->[com.google.android.gms:play-services-mlkit-barcode-scanning:16.2.0] AndroidManifest.xml:9:9-15:19
92            android:name="com.google.mlkit.common.internal.MlKitComponentDiscoveryService"
92-->[com.google.android.gms:play-services-mlkit-barcode-scanning:16.2.0] AndroidManifest.xml:10:13-91
93            android:directBootAware="true"
93-->[com.google.mlkit:common:17.2.0] AndroidManifest.xml:17:13-43
94            android:exported="false" >
94-->[com.google.android.gms:play-services-mlkit-barcode-scanning:16.2.0] AndroidManifest.xml:11:13-37
95            <meta-data
95-->[com.google.android.gms:play-services-mlkit-barcode-scanning:16.2.0] AndroidManifest.xml:12:13-14:85
96                android:name="com.google.firebase.components:com.google.mlkit.vision.barcode.internal.BarcodeRegistrar"
96-->[com.google.android.gms:play-services-mlkit-barcode-scanning:16.2.0] AndroidManifest.xml:13:17-120
97                android:value="com.google.firebase.components.ComponentRegistrar" />
97-->[com.google.android.gms:play-services-mlkit-barcode-scanning:16.2.0] AndroidManifest.xml:14:17-82
98            <meta-data
98-->[com.google.android.gms:play-services-mlkit-face-detection:16.2.0] AndroidManifest.xml:12:13-14:85
99                android:name="com.google.firebase.components:com.google.mlkit.vision.face.internal.FaceRegistrar"
99-->[com.google.android.gms:play-services-mlkit-face-detection:16.2.0] AndroidManifest.xml:13:17-114
100                android:value="com.google.firebase.components.ComponentRegistrar" />
100-->[com.google.android.gms:play-services-mlkit-face-detection:16.2.0] AndroidManifest.xml:14:17-82
101            <meta-data
101-->[com.google.android.gms:play-services-mlkit-text-recognition:16.3.0] AndroidManifest.xml:12:13-14:85
102                android:name="com.google.firebase.components:com.google.mlkit.vision.text.internal.TextRegistrar"
102-->[com.google.android.gms:play-services-mlkit-text-recognition:16.3.0] AndroidManifest.xml:13:17-114
103                android:value="com.google.firebase.components.ComponentRegistrar" />
103-->[com.google.android.gms:play-services-mlkit-text-recognition:16.3.0] AndroidManifest.xml:14:17-82
104            <meta-data
104-->[com.google.mlkit:vision-common:16.5.0] AndroidManifest.xml:12:13-14:85
105                android:name="com.google.firebase.components:com.google.mlkit.vision.common.internal.VisionCommonRegistrar"
105-->[com.google.mlkit:vision-common:16.5.0] AndroidManifest.xml:13:17-124
106                android:value="com.google.firebase.components.ComponentRegistrar" />
106-->[com.google.mlkit:vision-common:16.5.0] AndroidManifest.xml:14:17-82
107            <meta-data
107-->[com.google.mlkit:common:17.2.0] AndroidManifest.xml:20:13-22:85
108                android:name="com.google.firebase.components:com.google.mlkit.common.internal.CommonComponentRegistrar"
108-->[com.google.mlkit:common:17.2.0] AndroidManifest.xml:21:17-120
109                android:value="com.google.firebase.components.ComponentRegistrar" />
109-->[com.google.mlkit:common:17.2.0] AndroidManifest.xml:22:17-82
110        </service>
111
112        <provider
112-->[com.google.mlkit:common:17.2.0] AndroidManifest.xml:9:9-13:38
113            android:name="com.google.mlkit.common.internal.MlKitInitProvider"
113-->[com.google.mlkit:common:17.2.0] AndroidManifest.xml:10:13-78
114            android:authorities="com.doctor.mlkitinitprovider"
114-->[com.google.mlkit:common:17.2.0] AndroidManifest.xml:11:13-69
115            android:exported="false"
115-->[com.google.mlkit:common:17.2.0] AndroidManifest.xml:12:13-37
116            android:initOrder="99" />
116-->[com.google.mlkit:common:17.2.0] AndroidManifest.xml:13:13-35
117
118        <activity
118-->[com.google.android.gms:play-services-base:17.6.0] AndroidManifest.xml:23:9-26:75
119            android:name="com.google.android.gms.common.api.GoogleApiActivity"
119-->[com.google.android.gms:play-services-base:17.6.0] AndroidManifest.xml:24:13-79
120            android:exported="false"
120-->[com.google.android.gms:play-services-base:17.6.0] AndroidManifest.xml:25:13-37
121            android:theme="@android:style/Theme.Translucent.NoTitleBar" />
121-->[com.google.android.gms:play-services-base:17.6.0] AndroidManifest.xml:26:13-72
122
123        <meta-data
123-->[com.google.android.gms:play-services-basement:17.6.0] AndroidManifest.xml:23:9-25:69
124            android:name="com.google.android.gms.version"
124-->[com.google.android.gms:play-services-basement:17.6.0] AndroidManifest.xml:24:13-58
125            android:value="@integer/google_play_services_version" />
125-->[com.google.android.gms:play-services-basement:17.6.0] AndroidManifest.xml:25:13-66
126
127        <provider
127-->[androidx.emoji2:emoji2:1.0.0] AndroidManifest.xml:26:9-34:20
128            android:name="androidx.startup.InitializationProvider"
128-->[androidx.emoji2:emoji2:1.0.0] AndroidManifest.xml:27:13-67
129            android:authorities="com.doctor.androidx-startup"
129-->[androidx.emoji2:emoji2:1.0.0] AndroidManifest.xml:28:13-68
130            android:exported="false" >
130-->[androidx.emoji2:emoji2:1.0.0] AndroidManifest.xml:29:13-37
131            <meta-data
131-->[androidx.emoji2:emoji2:1.0.0] AndroidManifest.xml:31:13-33:52
132                android:name="androidx.emoji2.text.EmojiCompatInitializer"
132-->[androidx.emoji2:emoji2:1.0.0] AndroidManifest.xml:32:17-75
133                android:value="androidx.startup" />
133-->[androidx.emoji2:emoji2:1.0.0] AndroidManifest.xml:33:17-49
134            <meta-data
134-->[androidx.lifecycle:lifecycle-process:2.6.1] AndroidManifest.xml:29:13-31:52
135                android:name="androidx.lifecycle.ProcessLifecycleInitializer"
135-->[androidx.lifecycle:lifecycle-process:2.6.1] AndroidManifest.xml:30:17-78
136                android:value="androidx.startup" />
136-->[androidx.lifecycle:lifecycle-process:2.6.1] AndroidManifest.xml:31:17-49
137            <meta-data
137-->[androidx.profileinstaller:profileinstaller:1.3.0] AndroidManifest.xml:29:13-31:52
138                android:name="androidx.profileinstaller.ProfileInstallerInitializer"
138-->[androidx.profileinstaller:profileinstaller:1.3.0] AndroidManifest.xml:30:17-85
139                android:value="androidx.startup" />
139-->[androidx.profileinstaller:profileinstaller:1.3.0] AndroidManifest.xml:31:17-49
140        </provider>
141
142        <receiver
142-->[androidx.profileinstaller:profileinstaller:1.3.0] AndroidManifest.xml:34:9-52:20
143            android:name="androidx.profileinstaller.ProfileInstallReceiver"
143-->[androidx.profileinstaller:profileinstaller:1.3.0] AndroidManifest.xml:35:13-76
144            android:directBootAware="false"
144-->[androidx.profileinstaller:profileinstaller:1.3.0] AndroidManifest.xml:36:13-44
145            android:enabled="true"
145-->[androidx.profileinstaller:profileinstaller:1.3.0] AndroidManifest.xml:37:13-35
146            android:exported="true"
146-->[androidx.profileinstaller:profileinstaller:1.3.0] AndroidManifest.xml:38:13-36
147            android:permission="android.permission.DUMP" >
147-->[androidx.profileinstaller:profileinstaller:1.3.0] AndroidManifest.xml:39:13-57
148            <intent-filter>
148-->[androidx.profileinstaller:profileinstaller:1.3.0] AndroidManifest.xml:40:13-42:29
149                <action android:name="androidx.profileinstaller.action.INSTALL_PROFILE" />
149-->[androidx.profileinstaller:profileinstaller:1.3.0] AndroidManifest.xml:41:17-91
149-->[androidx.profileinstaller:profileinstaller:1.3.0] AndroidManifest.xml:41:25-88
150            </intent-filter>
151            <intent-filter>
151-->[androidx.profileinstaller:profileinstaller:1.3.0] AndroidManifest.xml:43:13-45:29
152                <action android:name="androidx.profileinstaller.action.SKIP_FILE" />
152-->[androidx.profileinstaller:profileinstaller:1.3.0] AndroidManifest.xml:44:17-85
152-->[androidx.profileinstaller:profileinstaller:1.3.0] AndroidManifest.xml:44:25-82
153            </intent-filter>
154            <intent-filter>
154-->[androidx.profileinstaller:profileinstaller:1.3.0] AndroidManifest.xml:46:13-48:29
155                <action android:name="androidx.profileinstaller.action.SAVE_PROFILE" />
155-->[androidx.profileinstaller:profileinstaller:1.3.0] AndroidManifest.xml:47:17-88
155-->[androidx.profileinstaller:profileinstaller:1.3.0] AndroidManifest.xml:47:25-85
156            </intent-filter>
157            <intent-filter>
157-->[androidx.profileinstaller:profileinstaller:1.3.0] AndroidManifest.xml:49:13-51:29
158                <action android:name="androidx.profileinstaller.action.BENCHMARK_OPERATION" />
158-->[androidx.profileinstaller:profileinstaller:1.3.0] AndroidManifest.xml:50:17-95
158-->[androidx.profileinstaller:profileinstaller:1.3.0] AndroidManifest.xml:50:25-92
159            </intent-filter>
160        </receiver>
161
162        <service
162-->[com.google.android.datatransport:transport-backend-cct:2.3.3] AndroidManifest.xml:29:9-35:19
163            android:name="com.google.android.datatransport.runtime.backends.TransportBackendDiscovery"
163-->[com.google.android.datatransport:transport-backend-cct:2.3.3] AndroidManifest.xml:30:13-103
164            android:exported="false" >
164-->[com.google.android.datatransport:transport-backend-cct:2.3.3] AndroidManifest.xml:31:13-37
165            <meta-data
165-->[com.google.android.datatransport:transport-backend-cct:2.3.3] AndroidManifest.xml:32:13-34:39
166                android:name="backend:com.google.android.datatransport.cct.CctBackendFactory"
166-->[com.google.android.datatransport:transport-backend-cct:2.3.3] AndroidManifest.xml:33:17-94
167                android:value="cct" />
167-->[com.google.android.datatransport:transport-backend-cct:2.3.3] AndroidManifest.xml:34:17-36
168        </service>
169        <service
169-->[com.google.android.datatransport:transport-runtime:2.2.6] AndroidManifest.xml:26:9-30:19
170            android:name="com.google.android.datatransport.runtime.scheduling.jobscheduling.JobInfoSchedulerService"
170-->[com.google.android.datatransport:transport-runtime:2.2.6] AndroidManifest.xml:27:13-117
171            android:exported="false"
171-->[com.google.android.datatransport:transport-runtime:2.2.6] AndroidManifest.xml:28:13-37
172            android:permission="android.permission.BIND_JOB_SERVICE" >
172-->[com.google.android.datatransport:transport-runtime:2.2.6] AndroidManifest.xml:29:13-69
173        </service>
174
175        <receiver
175-->[com.google.android.datatransport:transport-runtime:2.2.6] AndroidManifest.xml:32:9-34:40
176            android:name="com.google.android.datatransport.runtime.scheduling.jobscheduling.AlarmManagerSchedulerBroadcastReceiver"
176-->[com.google.android.datatransport:transport-runtime:2.2.6] AndroidManifest.xml:33:13-132
177            android:exported="false" />
177-->[com.google.android.datatransport:transport-runtime:2.2.6] AndroidManifest.xml:34:13-37
178    </application>
179
180</manifest>